<?xml version="1.0" encoding="UTF-8"?>
<!-- Generated by org.testng.reporters.JUnitReportReporter -->
<testsuite hostname="LAPTOP-P5O4GDE7" failures="0" tests="2" name="Ashrith.Maven.SeleniumTest" time="0.002" errors="0" timestamp="2020-08-27T20:51:54 IST" skipped="0">
  <testcase classname="Ashrith.Maven.SeleniumTest" name="WindowUI" time="0.001"/>
  <system-out/>
  <testcase classname="Ashrith.Maven.SeleniumTest" name="browser" time="0.001"/>
  <system-out/>
</testsuite> <!-- Ashrith.Maven.SeleniumTest -->
