<?xml version="1.0" encoding="UTF-8"?>
<!-- Generated by org.testng.reporters.JUnitReportReporter -->
<testsuite hostname="LAPTOP-P5O4GDE7" failures="0" tests="2" name="Ashrith.Maven.AppiumTest" time="0.003" errors="0" timestamp="2020-08-28T12:39:22 IST" skipped="0">
  <testcase classname="Ashrith.Maven.AppiumTest" name="closeApp" time="0.003"/>
  <system-out/>
  <testcase classname="Ashrith.Maven.AppiumTest" name="openApp" time="0.000"/>
  <system-out/>
</testsuite> <!-- Ashrith.Maven.AppiumTest -->
